<?xml version="1.0" encoding="UTF-8"?>
<coverage generated="1687723020063" clover="3.2.0">
  <project timestamp="1687723020063" name="All files">
    <metrics statements="17" coveredstatements="17" conditionals="0" coveredconditionals="0" methods="3" coveredmethods="3" elements="20" coveredelements="20" complexity="0" loc="17" ncloc="17" packages="1" files="1" classes="1"/>
    <file name="aws-storage-stack.ts" path="C:\Users\fr0ek\Documents\FarukAda\Projects\FarukAda CDK\Repositories\amplify serverless stacks\aws-storage\lib\aws-storage-stack.ts">
      <metrics statements="17" coveredstatements="17" conditionals="0" coveredconditionals="0" methods="3" coveredmethods="3"/>
      <line num="2" count="2" type="stmt"/>
      <line num="4" count="2" type="stmt"/>
      <line num="5" count="2" type="stmt"/>
      <line num="6" count="2" type="stmt"/>
      <line num="8" count="2" type="stmt"/>
      <line num="10" count="2" type="stmt"/>
      <line num="12" count="2" type="stmt"/>
      <line num="15" count="2" type="stmt"/>
      <line num="22" count="2" type="stmt"/>
      <line num="28" count="2" type="stmt"/>
      <line num="39" count="2" type="stmt"/>
      <line num="55" count="2" type="stmt"/>
      <line num="57" count="2" type="stmt"/>
      <line num="72" count="2" type="stmt"/>
      <line num="88" count="2" type="stmt"/>
      <line num="90" count="8" type="stmt"/>
      <line num="105" count="2" type="stmt"/>
    </file>
  </project>
</coverage>
