{"C:\\Users\\fr0ek\\Documents\\FarukAda\\Projects\\FarukAda CDK\\Repositories\\amplify serverless stacks\\aws-storage\\lib\\aws-storage-stack.ts": {"path":"C:\\Users\\fr0ek\\Documents\\FarukAda\\Projects\\FarukAda CDK\\Repositories\\amplify serverless stacks\\aws-storage\\lib\\aws-storage-stack.ts","statementMap":{"0":{"start":{"line":2,"column":0},"end":{"line":2,"column":35}},"1":{"start":{"line":4,"column":0},"end":{"line":4,"column":43}},"2":{"start":{"line":5,"column":0},"end":{"line":5,"column":41}},"3":{"start":{"line":6,"column":0},"end":{"line":6,"column":48}},"4":{"start":{"line":8,"column":0},"end":{"line":8,"column":42}},"5":{"start":{"line":12,"column":4},"end":{"line":12,"column":28}},"6":{"start":{"line":15,"column":16},"end":{"line":19,"column":6}},"7":{"start":{"line":22,"column":4},"end":{"line":25,"column":7}},"8":{"start":{"line":28,"column":4},"end":{"line":36,"column":7}},"9":{"start":{"line":39,"column":27},"end":{"line":53,"column":6}},"10":{"start":{"line":55,"column":4},"end":{"line":69,"column":6}},"11":{"start":{"line":57,"column":8},"end":{"line":67,"column":11}},"12":{"start":{"line":72,"column":24},"end":{"line":86,"column":6}},"13":{"start":{"line":88,"column":4},"end":{"line":102,"column":6}},"14":{"start":{"line":90,"column":8},"end":{"line":100,"column":11}},"15":{"start":{"line":105,"column":4},"end":{"line":109,"column":6}},"16":{"start":{"line":10,"column":0},"end":{"line":10,"column":13}}},"fnMap":{"0":{"name":"(anonymous_0)","decl":{"start":{"line":11,"column":2},"end":{"line":11,"column":14}},"loc":{"start":{"line":11,"column":72},"end":{"line":110,"column":3}}},"1":{"name":"(anonymous_1)","decl":{"start":{"line":56,"column":6},"end":{"line":56,"column":7}},"loc":{"start":{"line":56,"column":43},"end":{"line":68,"column":7}}},"2":{"name":"(anonymous_2)","decl":{"start":{"line":89,"column":6},"end":{"line":89,"column":7}},"loc":{"start":{"line":89,"column":43},"end":{"line":101,"column":7}}}},"branchMap":{},"s":{"0":2,"1":2,"2":2,"3":2,"4":2,"5":2,"6":2,"7":2,"8":2,"9":2,"10":2,"11":2,"12":2,"13":2,"14":8,"15":2,"16":2},"f":{"0":2,"1":2,"2":8},"b":{}}
}
